2024-10-26T21:50:29.859+04:00  INFO 6896 --- [crud] [main] c.a.c.integration.BlogIntegrationTest    : Starting BlogIntegrationTest using Java 17.0.2 with PID 6896 (started by ksoum in C:\Workspace\crudassignment)
2024-10-26T21:50:29.861+04:00 DEBUG 6896 --- [crud] [main] c.a.c.integration.BlogIntegrationTest    : Running with Spring Boot v3.3.5, Spring v6.1.14
2024-10-26T21:50:29.862+04:00  INFO 6896 --- [crud] [main] c.a.c.integration.BlogIntegrationTest    : No active profile set, falling back to 1 default profile: "default"
2024-10-26T21:50:30.768+04:00  INFO 6896 --- [crud] [main] .s.d.r.c.RepositoryConfigurationDelegate : Bootstrapping Spring Data JPA repositories in DEFAULT mode.
2024-10-26T21:50:30.842+04:00  INFO 6896 --- [crud] [main] .s.d.r.c.RepositoryConfigurationDelegate : Finished Spring Data repository scanning in 56 ms. Found 1 JPA repository interface.
2024-10-26T21:50:31.568+04:00  INFO 6896 --- [crud] [main] o.s.b.w.embedded.tomcat.TomcatWebServer  : Tomcat initialized with port 0 (http)
2024-10-26T21:50:31.587+04:00  INFO 6896 --- [crud] [main] o.apache.catalina.core.StandardService   : Starting service [Tomcat]
2024-10-26T21:50:31.587+04:00  INFO 6896 --- [crud] [main] o.apache.catalina.core.StandardEngine    : Starting Servlet engine: [Apache Tomcat/10.1.31]
2024-10-26T21:50:31.692+04:00  INFO 6896 --- [crud] [main] o.a.c.c.C.[Tomcat].[localhost].[/]       : Initializing Spring embedded WebApplicationContext
2024-10-26T21:50:31.693+04:00  INFO 6896 --- [crud] [main] w.s.c.ServletWebServerApplicationContext : Root WebApplicationContext: initialization completed in 1811 ms
2024-10-26T21:50:31.919+04:00  INFO 6896 --- [crud] [main] o.hibernate.jpa.internal.util.LogHelper  : HHH000204: Processing PersistenceUnitInfo [name: default]
2024-10-26T21:50:32.012+04:00  INFO 6896 --- [crud] [main] org.hibernate.Version                    : HHH000412: Hibernate ORM core version 6.5.3.Final
2024-10-26T21:50:32.063+04:00  INFO 6896 --- [crud] [main] o.h.c.internal.RegionFactoryInitiator    : HHH000026: Second-level cache disabled
2024-10-26T21:50:32.412+04:00  INFO 6896 --- [crud] [main] o.s.o.j.p.SpringPersistenceUnitInfo      : No LoadTimeWeaver setup: ignoring JPA class transformer
2024-10-26T21:50:32.457+04:00  INFO 6896 --- [crud] [main] com.zaxxer.hikari.HikariDataSource       : HikariPool-1 - Starting...
2024-10-26T21:50:32.642+04:00  INFO 6896 --- [crud] [main] com.zaxxer.hikari.pool.HikariPool        : HikariPool-1 - Added connection org.postgresql.jdbc.PgConnection@5d04fbb7
2024-10-26T21:50:32.645+04:00  INFO 6896 --- [crud] [main] com.zaxxer.hikari.HikariDataSource       : HikariPool-1 - Start completed.
2024-10-26T21:50:32.682+04:00  WARN 6896 --- [crud] [main] org.hibernate.orm.deprecation            : HHH90000025: PostgreSQLDialect does not need to be specified explicitly using 'hibernate.dialect' (remove the property setting and it will be selected by default)
2024-10-26T21:50:33.574+04:00  INFO 6896 --- [crud] [main] o.h.e.t.j.p.i.JtaPlatformInitiator       : HHH000489: No JTA platform available (set 'hibernate.transaction.jta.platform' to enable JTA platform integration)
2024-10-26T21:50:33.636+04:00  INFO 6896 --- [crud] [main] j.LocalContainerEntityManagerFactoryBean : Initialized JPA EntityManagerFactory for persistence unit 'default'
2024-10-26T21:50:34.142+04:00  WARN 6896 --- [crud] [main] JpaBaseConfiguration$JpaWebConfiguration : spring.jpa.open-in-view is enabled by default. Therefore, database queries may be performed during view rendering. Explicitly configure spring.jpa.open-in-view to disable this warning
2024-10-26T21:50:34.768+04:00  INFO 6896 --- [crud] [main] o.s.b.w.embedded.tomcat.TomcatWebServer  : Tomcat started on port 50756 (http) with context path '/'
2024-10-26T21:50:34.780+04:00  INFO 6896 --- [crud] [main] c.a.c.integration.BlogIntegrationTest    : Started BlogIntegrationTest in 5.347 seconds (process running for 10.694)
2024-10-26T21:50:35.446+04:00  INFO 6896 --- [crud] [http-nio-auto-1-exec-1] o.a.c.c.C.[Tomcat].[localhost].[/]       : Initializing Spring DispatcherServlet 'dispatcherServlet'
2024-10-26T21:50:35.446+04:00  INFO 6896 --- [crud] [http-nio-auto-1-exec-1] o.s.web.servlet.DispatcherServlet        : Initializing Servlet 'dispatcherServlet'
2024-10-26T21:50:35.447+04:00  INFO 6896 --- [crud] [http-nio-auto-1-exec-1] o.s.web.servlet.DispatcherServlet        : Completed initialization in 1 ms
2024-10-26T21:50:35.564+04:00  INFO 6896 --- [crud] [http-nio-auto-1-exec-1] c.a.crud.controller.BlogController       : Creating blog post with title: Valid Title
2024-10-26T21:50:36.218+04:00  INFO 6896 --- [crud] [main] t.c.s.AnnotationConfigContextLoaderUtils : Could not detect default configuration classes for test class [com.assignment.crud.repository.BlogRepositoryTest]: BlogRepositoryTest does not declare any static, non-private, non-final, nested classes annotated with @Configuration.
2024-10-26T21:50:36.267+04:00  INFO 6896 --- [crud] [main] .b.t.c.SpringBootTestContextBootstrapper : Found @SpringBootConfiguration com.assignment.crud.CrudApplication for test class com.assignment.crud.repository.BlogRepositoryTest
2024-10-26T21:50:36.269+04:00  INFO 6896 --- [crud] [main] tc.postgres:15-alpine                    : Creating container for image: postgres:15-alpine
2024-10-26T21:50:36.400+04:00  INFO 6896 --- [crud] [main] tc.postgres:15-alpine                    : Container postgres:15-alpine is starting: e66081ae8f8482b8f336caca609236b0b8d88e413e1e9222b113985b356892ad
2024-10-26T21:50:38.252+04:00  INFO 6896 --- [crud] [main] tc.postgres:15-alpine                    : Container postgres:15-alpine started in PT1.9831978S
2024-10-26T21:50:38.255+04:00  INFO 6896 --- [crud] [main] tc.postgres:15-alpine                    : Container is started (JDBC URL: jdbc:postgresql://localhost:50759/test?loggerLevel=OFF)
2024-10-26T21:50:38.305+04:00  INFO 6896 --- [crud] [main] c.a.crud.repository.BlogRepositoryTest   : Starting BlogRepositoryTest using Java 17.0.2 with PID 6896 (started by ksoum in C:\Workspace\crudassignment)
2024-10-26T21:50:38.305+04:00 DEBUG 6896 --- [crud] [main] c.a.crud.repository.BlogRepositoryTest   : Running with Spring Boot v3.3.5, Spring v6.1.14
2024-10-26T21:50:38.306+04:00  INFO 6896 --- [crud] [main] c.a.crud.repository.BlogRepositoryTest   : No active profile set, falling back to 1 default profile: "default"
2024-10-26T21:50:38.417+04:00  INFO 6896 --- [crud] [main] .s.d.r.c.RepositoryConfigurationDelegate : Bootstrapping Spring Data JPA repositories in DEFAULT mode.
2024-10-26T21:50:38.432+04:00  INFO 6896 --- [crud] [main] .s.d.r.c.RepositoryConfigurationDelegate : Finished Spring Data repository scanning in 13 ms. Found 1 JPA repository interface.
2024-10-26T21:50:38.491+04:00  INFO 6896 --- [crud] [main] o.hibernate.jpa.internal.util.LogHelper  : HHH000204: Processing PersistenceUnitInfo [name: default]
2024-10-26T21:50:38.495+04:00  INFO 6896 --- [crud] [main] o.h.c.internal.RegionFactoryInitiator    : HHH000026: Second-level cache disabled
2024-10-26T21:50:38.508+04:00  INFO 6896 --- [crud] [main] o.s.o.j.p.SpringPersistenceUnitInfo      : No LoadTimeWeaver setup: ignoring JPA class transformer
2024-10-26T21:50:38.510+04:00  INFO 6896 --- [crud] [main] com.zaxxer.hikari.HikariDataSource       : HikariPool-2 - Starting...
2024-10-26T21:50:38.536+04:00  INFO 6896 --- [crud] [main] com.zaxxer.hikari.pool.HikariPool        : HikariPool-2 - Added connection org.postgresql.jdbc.PgConnection@4e1349cf
2024-10-26T21:50:38.537+04:00  INFO 6896 --- [crud] [main] com.zaxxer.hikari.HikariDataSource       : HikariPool-2 - Start completed.
2024-10-26T21:50:38.543+04:00  WARN 6896 --- [crud] [main] org.hibernate.orm.deprecation            : HHH90000025: PostgreSQLDialect does not need to be specified explicitly using 'hibernate.dialect' (remove the property setting and it will be selected by default)
2024-10-26T21:50:38.591+04:00  INFO 6896 --- [crud] [main] o.h.e.t.j.p.i.JtaPlatformInitiator       : HHH000489: No JTA platform available (set 'hibernate.transaction.jta.platform' to enable JTA platform integration)
2024-10-26T21:50:38.615+04:00  INFO 6896 --- [crud] [main] j.LocalContainerEntityManagerFactoryBean : Initialized JPA EntityManagerFactory for persistence unit 'default'
2024-10-26T21:50:38.650+04:00  INFO 6896 --- [crud] [main] c.a.crud.repository.BlogRepositoryTest   : Started BlogRepositoryTest in 0.39 seconds (process running for 14.564)
2024-10-26T21:50:39.186+04:00  INFO 6896 --- [crud] [main] t.c.s.AnnotationConfigContextLoaderUtils : Could not detect default configuration classes for test class [com.assignment.crud.unit.BlogControllerTest]: BlogControllerTest does not declare any static, non-private, non-final, nested classes annotated with @Configuration.
2024-10-26T21:50:39.211+04:00  INFO 6896 --- [crud] [main] .b.t.c.SpringBootTestContextBootstrapper : Found @SpringBootConfiguration com.assignment.crud.CrudApplication for test class com.assignment.crud.unit.BlogControllerTest
2024-10-26T21:50:39.254+04:00  INFO 6896 --- [crud] [main] c.a.crud.unit.BlogControllerTest         : Starting BlogControllerTest using Java 17.0.2 with PID 6896 (started by ksoum in C:\Workspace\crudassignment)
2024-10-26T21:50:39.255+04:00 DEBUG 6896 --- [crud] [main] c.a.crud.unit.BlogControllerTest         : Running with Spring Boot v3.3.5, Spring v6.1.14
2024-10-26T21:50:39.255+04:00  INFO 6896 --- [crud] [main] c.a.crud.unit.BlogControllerTest         : No active profile set, falling back to 1 default profile: "default"
2024-10-26T21:50:39.979+04:00  INFO 6896 --- [crud] [main] o.s.b.t.m.w.SpringBootMockServletContext : Initializing Spring TestDispatcherServlet ''
2024-10-26T21:50:39.979+04:00  INFO 6896 --- [crud] [main] o.s.t.web.servlet.TestDispatcherServlet  : Initializing Servlet ''
2024-10-26T21:50:39.980+04:00  INFO 6896 --- [crud] [main] o.s.t.web.servlet.TestDispatcherServlet  : Completed initialization in 1 ms
2024-10-26T21:50:40.004+04:00  INFO 6896 --- [crud] [main] c.a.crud.unit.BlogControllerTest         : Started BlogControllerTest in 0.779 seconds (process running for 15.919)
2024-10-26T21:50:40.151+04:00  INFO 6896 --- [crud] [main] c.a.crud.controller.BlogController       : Creating blog post with title: Valid Title
2024-10-26T21:50:40.286+04:00  INFO 6896 --- [crud] [SpringApplicationShutdownHook] j.LocalContainerEntityManagerFactoryBean : Closing JPA EntityManagerFactory for persistence unit 'default'
2024-10-26T21:50:40.294+04:00  INFO 6896 --- [crud] [SpringApplicationShutdownHook] com.zaxxer.hikari.HikariDataSource       : HikariPool-1 - Shutdown initiated...
2024-10-26T21:50:40.299+04:00  INFO 6896 --- [crud] [SpringApplicationShutdownHook] com.zaxxer.hikari.HikariDataSource       : HikariPool-1 - Shutdown completed.
2024-10-26T21:50:40.316+04:00  INFO 6896 --- [crud] [SpringApplicationShutdownHook] j.LocalContainerEntityManagerFactoryBean : Closing JPA EntityManagerFactory for persistence unit 'default'
2024-10-26T21:50:40.317+04:00  INFO 6896 --- [crud] [SpringApplicationShutdownHook] com.zaxxer.hikari.HikariDataSource       : HikariPool-2 - Shutdown initiated...
2024-10-26T21:50:41.415+04:00  INFO 6896 --- [crud] [SpringApplicationShutdownHook] com.zaxxer.hikari.HikariDataSource       : HikariPool-2 - Shutdown completed.
2024-10-26T21:56:43.695+04:00  INFO 18352 --- [crud] [main] c.a.c.integration.BlogIntegrationTest    : Starting BlogIntegrationTest using Java 17.0.2 with PID 18352 (started by ksoum in C:\Workspace\crudassignment)
2024-10-26T21:56:43.697+04:00 DEBUG 18352 --- [crud] [main] c.a.c.integration.BlogIntegrationTest    : Running with Spring Boot v3.3.5, Spring v6.1.14
2024-10-26T21:56:43.698+04:00  INFO 18352 --- [crud] [main] c.a.c.integration.BlogIntegrationTest    : No active profile set, falling back to 1 default profile: "default"
2024-10-26T21:56:44.609+04:00  INFO 18352 --- [crud] [main] .s.d.r.c.RepositoryConfigurationDelegate : Bootstrapping Spring Data JPA repositories in DEFAULT mode.
2024-10-26T21:56:44.689+04:00  INFO 18352 --- [crud] [main] .s.d.r.c.RepositoryConfigurationDelegate : Finished Spring Data repository scanning in 67 ms. Found 1 JPA repository interface.
2024-10-26T21:56:45.382+04:00  INFO 18352 --- [crud] [main] o.s.b.w.embedded.tomcat.TomcatWebServer  : Tomcat initialized with port 0 (http)
2024-10-26T21:56:45.394+04:00  INFO 18352 --- [crud] [main] o.apache.catalina.core.StandardService   : Starting service [Tomcat]
2024-10-26T21:56:45.395+04:00  INFO 18352 --- [crud] [main] o.apache.catalina.core.StandardEngine    : Starting Servlet engine: [Apache Tomcat/10.1.31]
2024-10-26T21:56:45.512+04:00  INFO 18352 --- [crud] [main] o.a.c.c.C.[Tomcat].[localhost].[/]       : Initializing Spring embedded WebApplicationContext
2024-10-26T21:56:45.512+04:00  INFO 18352 --- [crud] [main] w.s.c.ServletWebServerApplicationContext : Root WebApplicationContext: initialization completed in 1789 ms
2024-10-26T21:56:45.714+04:00  INFO 18352 --- [crud] [main] o.hibernate.jpa.internal.util.LogHelper  : HHH000204: Processing PersistenceUnitInfo [name: default]
2024-10-26T21:56:45.801+04:00  INFO 18352 --- [crud] [main] org.hibernate.Version                    : HHH000412: Hibernate ORM core version 6.5.3.Final
2024-10-26T21:56:45.848+04:00  INFO 18352 --- [crud] [main] o.h.c.internal.RegionFactoryInitiator    : HHH000026: Second-level cache disabled
2024-10-26T21:56:46.215+04:00  INFO 18352 --- [crud] [main] o.s.o.j.p.SpringPersistenceUnitInfo      : No LoadTimeWeaver setup: ignoring JPA class transformer
2024-10-26T21:56:46.266+04:00  INFO 18352 --- [crud] [main] com.zaxxer.hikari.HikariDataSource       : HikariPool-1 - Starting...
2024-10-26T21:56:46.484+04:00  INFO 18352 --- [crud] [main] com.zaxxer.hikari.pool.HikariPool        : HikariPool-1 - Added connection org.postgresql.jdbc.PgConnection@4eec5fa6
2024-10-26T21:56:46.488+04:00  INFO 18352 --- [crud] [main] com.zaxxer.hikari.HikariDataSource       : HikariPool-1 - Start completed.
2024-10-26T21:56:46.525+04:00  WARN 18352 --- [crud] [main] org.hibernate.orm.deprecation            : HHH90000025: PostgreSQLDialect does not need to be specified explicitly using 'hibernate.dialect' (remove the property setting and it will be selected by default)
2024-10-26T21:56:47.465+04:00  INFO 18352 --- [crud] [main] o.h.e.t.j.p.i.JtaPlatformInitiator       : HHH000489: No JTA platform available (set 'hibernate.transaction.jta.platform' to enable JTA platform integration)
2024-10-26T21:56:47.516+04:00  INFO 18352 --- [crud] [main] j.LocalContainerEntityManagerFactoryBean : Initialized JPA EntityManagerFactory for persistence unit 'default'
2024-10-26T21:56:48.007+04:00  WARN 18352 --- [crud] [main] JpaBaseConfiguration$JpaWebConfiguration : spring.jpa.open-in-view is enabled by default. Therefore, database queries may be performed during view rendering. Explicitly configure spring.jpa.open-in-view to disable this warning
2024-10-26T21:56:48.617+04:00  INFO 18352 --- [crud] [main] o.s.b.w.embedded.tomcat.TomcatWebServer  : Tomcat started on port 50994 (http) with context path '/'
2024-10-26T21:56:48.630+04:00  INFO 18352 --- [crud] [main] c.a.c.integration.BlogIntegrationTest    : Started BlogIntegrationTest in 5.295 seconds (process running for 10.011)
2024-10-26T21:56:49.392+04:00  INFO 18352 --- [crud] [http-nio-auto-1-exec-1] o.a.c.c.C.[Tomcat].[localhost].[/]       : Initializing Spring DispatcherServlet 'dispatcherServlet'
2024-10-26T21:56:49.392+04:00  INFO 18352 --- [crud] [http-nio-auto-1-exec-1] o.s.web.servlet.DispatcherServlet        : Initializing Servlet 'dispatcherServlet'
2024-10-26T21:56:49.393+04:00  INFO 18352 --- [crud] [http-nio-auto-1-exec-1] o.s.web.servlet.DispatcherServlet        : Completed initialization in 1 ms
2024-10-26T21:56:49.494+04:00  INFO 18352 --- [crud] [http-nio-auto-1-exec-1] c.a.crud.controller.BlogController       : Creating blog post with title: Valid Title
2024-10-26T21:56:50.079+04:00  INFO 18352 --- [crud] [main] t.c.s.AnnotationConfigContextLoaderUtils : Could not detect default configuration classes for test class [com.assignment.crud.repository.BlogRepositoryTest]: BlogRepositoryTest does not declare any static, non-private, non-final, nested classes annotated with @Configuration.
2024-10-26T21:56:50.136+04:00  INFO 18352 --- [crud] [main] .b.t.c.SpringBootTestContextBootstrapper : Found @SpringBootConfiguration com.assignment.crud.CrudApplication for test class com.assignment.crud.repository.BlogRepositoryTest
2024-10-26T21:56:50.139+04:00  INFO 18352 --- [crud] [main] tc.postgres:15-alpine                    : Creating container for image: postgres:15-alpine
2024-10-26T21:56:50.270+04:00  INFO 18352 --- [crud] [main] tc.postgres:15-alpine                    : Container postgres:15-alpine is starting: 5b42db83fb5ffd3d08b173b25e8c111253d6288d14be330cb0a3c730a99f9e73
2024-10-26T21:56:52.109+04:00  INFO 18352 --- [crud] [main] tc.postgres:15-alpine                    : Container postgres:15-alpine started in PT1.9695221S
2024-10-26T21:56:52.109+04:00  INFO 18352 --- [crud] [main] tc.postgres:15-alpine                    : Container is started (JDBC URL: jdbc:postgresql://localhost:50999/test?loggerLevel=OFF)
2024-10-26T21:56:52.150+04:00  INFO 18352 --- [crud] [main] c.a.crud.repository.BlogRepositoryTest   : Starting BlogRepositoryTest using Java 17.0.2 with PID 18352 (started by ksoum in C:\Workspace\crudassignment)
2024-10-26T21:56:52.151+04:00 DEBUG 18352 --- [crud] [main] c.a.crud.repository.BlogRepositoryTest   : Running with Spring Boot v3.3.5, Spring v6.1.14
2024-10-26T21:56:52.151+04:00  INFO 18352 --- [crud] [main] c.a.crud.repository.BlogRepositoryTest   : No active profile set, falling back to 1 default profile: "default"
2024-10-26T21:56:52.257+04:00  INFO 18352 --- [crud] [main] .s.d.r.c.RepositoryConfigurationDelegate : Bootstrapping Spring Data JPA repositories in DEFAULT mode.
2024-10-26T21:56:52.270+04:00  INFO 18352 --- [crud] [main] .s.d.r.c.RepositoryConfigurationDelegate : Finished Spring Data repository scanning in 13 ms. Found 1 JPA repository interface.
2024-10-26T21:56:52.334+04:00  INFO 18352 --- [crud] [main] o.hibernate.jpa.internal.util.LogHelper  : HHH000204: Processing PersistenceUnitInfo [name: default]
2024-10-26T21:56:52.337+04:00  INFO 18352 --- [crud] [main] o.h.c.internal.RegionFactoryInitiator    : HHH000026: Second-level cache disabled
2024-10-26T21:56:52.356+04:00  INFO 18352 --- [crud] [main] o.s.o.j.p.SpringPersistenceUnitInfo      : No LoadTimeWeaver setup: ignoring JPA class transformer
2024-10-26T21:56:52.357+04:00  INFO 18352 --- [crud] [main] com.zaxxer.hikari.HikariDataSource       : HikariPool-2 - Starting...
2024-10-26T21:56:52.389+04:00  INFO 18352 --- [crud] [main] com.zaxxer.hikari.pool.HikariPool        : HikariPool-2 - Added connection org.postgresql.jdbc.PgConnection@682bff78
2024-10-26T21:56:52.390+04:00  INFO 18352 --- [crud] [main] com.zaxxer.hikari.HikariDataSource       : HikariPool-2 - Start completed.
2024-10-26T21:56:52.395+04:00  WARN 18352 --- [crud] [main] org.hibernate.orm.deprecation            : HHH90000025: PostgreSQLDialect does not need to be specified explicitly using 'hibernate.dialect' (remove the property setting and it will be selected by default)
2024-10-26T21:56:52.444+04:00  INFO 18352 --- [crud] [main] o.h.e.t.j.p.i.JtaPlatformInitiator       : HHH000489: No JTA platform available (set 'hibernate.transaction.jta.platform' to enable JTA platform integration)
2024-10-26T21:56:52.473+04:00  INFO 18352 --- [crud] [main] j.LocalContainerEntityManagerFactoryBean : Initialized JPA EntityManagerFactory for persistence unit 'default'
2024-10-26T21:56:52.522+04:00  INFO 18352 --- [crud] [main] c.a.crud.repository.BlogRepositoryTest   : Started BlogRepositoryTest in 0.409 seconds (process running for 13.901)
2024-10-26T21:56:53.063+04:00  INFO 18352 --- [crud] [main] t.c.s.AnnotationConfigContextLoaderUtils : Could not detect default configuration classes for test class [com.assignment.crud.unit.BlogControllerTest]: BlogControllerTest does not declare any static, non-private, non-final, nested classes annotated with @Configuration.
2024-10-26T21:56:53.095+04:00  INFO 18352 --- [crud] [main] .b.t.c.SpringBootTestContextBootstrapper : Found @SpringBootConfiguration com.assignment.crud.CrudApplication for test class com.assignment.crud.unit.BlogControllerTest
2024-10-26T21:56:53.139+04:00  INFO 18352 --- [crud] [main] c.a.crud.unit.BlogControllerTest         : Starting BlogControllerTest using Java 17.0.2 with PID 18352 (started by ksoum in C:\Workspace\crudassignment)
2024-10-26T21:56:53.139+04:00 DEBUG 18352 --- [crud] [main] c.a.crud.unit.BlogControllerTest         : Running with Spring Boot v3.3.5, Spring v6.1.14
2024-10-26T21:56:53.139+04:00  INFO 18352 --- [crud] [main] c.a.crud.unit.BlogControllerTest         : No active profile set, falling back to 1 default profile: "default"
2024-10-26T21:56:53.939+04:00  INFO 18352 --- [crud] [main] o.s.b.t.m.w.SpringBootMockServletContext : Initializing Spring TestDispatcherServlet ''
2024-10-26T21:56:53.940+04:00  INFO 18352 --- [crud] [main] o.s.t.web.servlet.TestDispatcherServlet  : Initializing Servlet ''
2024-10-26T21:56:53.943+04:00  INFO 18352 --- [crud] [main] o.s.t.web.servlet.TestDispatcherServlet  : Completed initialization in 1 ms
2024-10-26T21:56:53.971+04:00  INFO 18352 --- [crud] [main] c.a.crud.unit.BlogControllerTest         : Started BlogControllerTest in 0.862 seconds (process running for 15.35)
2024-10-26T21:56:54.118+04:00  INFO 18352 --- [crud] [main] c.a.crud.controller.BlogController       : Creating blog post with title: Valid Title
2024-10-26T21:56:54.246+04:00  INFO 18352 --- [crud] [SpringApplicationShutdownHook] j.LocalContainerEntityManagerFactoryBean : Closing JPA EntityManagerFactory for persistence unit 'default'
2024-10-26T21:56:54.251+04:00  INFO 18352 --- [crud] [SpringApplicationShutdownHook] com.zaxxer.hikari.HikariDataSource       : HikariPool-1 - Shutdown initiated...
2024-10-26T21:56:54.256+04:00  INFO 18352 --- [crud] [SpringApplicationShutdownHook] com.zaxxer.hikari.HikariDataSource       : HikariPool-1 - Shutdown completed.
2024-10-26T21:56:54.271+04:00  INFO 18352 --- [crud] [SpringApplicationShutdownHook] j.LocalContainerEntityManagerFactoryBean : Closing JPA EntityManagerFactory for persistence unit 'default'
2024-10-26T21:56:54.272+04:00  INFO 18352 --- [crud] [SpringApplicationShutdownHook] com.zaxxer.hikari.HikariDataSource       : HikariPool-2 - Shutdown initiated...
2024-10-26T21:56:55.265+04:00  INFO 18352 --- [crud] [SpringApplicationShutdownHook] com.zaxxer.hikari.HikariDataSource       : HikariPool-2 - Shutdown completed.
